2023-08-19 09:15:39,195 - bot_logger - INFO - Нажатие кнопки 'Загрузить' при добавлении аудио
2023-08-19 09:16:00,734 - bot_logger - INFO - Переход в состояние добавления имени при добавлении аудио
2023-08-19 09:16:22,209 - bot_logger - INFO - Переход в состояние загрузки файла при добавлении аудио
2023-08-19 09:16:43,978 - bot_logger - INFO - Переход в состояние добавления первого параметра при добавлении аудио
2023-08-19 09:17:05,459 - bot_logger - INFO - Переход в состояние добавления второго параметра при добавлении аудио
2023-08-19 09:17:05,459 - bot_logger - INFO - Нажатие на кнопку 'Закончить' при добавлении аудио
2023-08-19 12:15:18,462 - my_logger - INFO - Нажатие кнопки 'Загрузить' при добавлении аудио
2023-08-19 12:16:04,818 - my_logger - INFO - Переход в состояние добавления имени при добавлении аудио
2023-08-19 12:16:34,216 - my_logger - INFO - Переход в состояние загрузки файла при добавлении аудио
2023-08-19 12:16:56,941 - my_logger - INFO - Переход в состояние добавления первого параметра при добавлении аудио
2023-08-19 12:17:18,463 - my_logger - INFO - Переход в состояние добавления второго параметра при добавлении аудио
2023-08-19 12:17:18,464 - my_logger - INFO - Нажатие на кнопку 'Закончить' при добавлении аудио
2023-08-19 12:20:56,724 - bot_logger - INFO - Info message
2023-08-19 12:20:56,724 - bot_logger - WARNING - Warning message
2023-08-19 12:20:56,724 - bot_logger - ERROR - Error message
2023-08-19 12:20:56,725 - bot_logger - CRITICAL - Critical message
2023-08-19 12:21:43,444 - bot_logger - INFO - Нажатие кнопки 'Загрузить' при добавлении аудио
2023-08-19 12:22:28,016 - bot_logger - INFO - Info message
2023-08-19 12:22:28,016 - bot_logger - WARNING - Warning message
2023-08-19 12:22:28,017 - bot_logger - ERROR - Error message
2023-08-19 12:22:28,017 - bot_logger - CRITICAL - Critical message
2023-08-19 12:23:15,380 - bot_logger - INFO - Нажатие кнопки 'Загрузить' при добавлении аудио
2023-08-19 12:24:23,333 - bot_logger - INFO - Info message
2023-08-19 12:24:23,333 - bot_logger - WARNING - Warning message
2023-08-19 12:24:23,333 - bot_logger - ERROR - Error message
2023-08-19 12:24:23,334 - bot_logger - CRITICAL - Critical message
2023-08-19 12:25:16,474 - bot_logger - INFO - Нажатие кнопки 'Загрузить' при добавлении аудио
2023-08-19 12:25:34,841 - bot_logger - INFO - Info message
2023-08-19 12:25:34,842 - bot_logger - WARNING - Warning message
2023-08-19 12:25:34,842 - bot_logger - ERROR - Error message
2023-08-19 12:25:34,842 - bot_logger - CRITICAL - Critical message
2023-08-19 12:25:56,670 - bot_logger - INFO - Нажатие кнопки 'Загрузить' при добавлении аудио
2023-08-19 12:26:18,241 - bot_logger - INFO - Переход в состояние добавления имени при добавлении аудио
2023-08-19 12:26:27,420 - bot_logger - INFO - Нажатие кнопки 'Загрузить' при добавлении аудио
2023-08-19 12:36:34,783 - bot_logger - INFO - Info message
2023-08-19 12:36:34,783 - bot_logger - WARNING - Warning message
2023-08-19 12:36:34,784 - bot_logger - ERROR - Error message
2023-08-19 12:36:34,784 - bot_logger - CRITICAL - Critical message
2023-08-19 12:37:20,314 - bot_logger - INFO - Нажатие кнопки 'Загрузить' при добавлении аудио
2023-08-19 12:37:42,017 - bot_logger - INFO - Переход в состояние добавления имени при добавлении аудио
2023-08-19 12:37:42,018 - bot_logger - INFO - Выбрано имя 
2023-08-19 12:38:03,757 - bot_logger - INFO - Переход в состояние загрузки файла при добавлении аудио
2023-08-19 12:38:25,229 - bot_logger - INFO - Переход в состояние добавления первого параметра при добавлении аудио
2023-08-19 12:38:27,292 - bot_logger - INFO - Переход в состояние добавления второго параметра при добавлении аудио
2023-08-19 12:38:27,292 - bot_logger - INFO - Нажатие на кнопку 'Закончить' при добавлении аудио
2023-08-19 12:38:39,208 - bot_logger - INFO - Нажатие кнопки 'Загрузить' при добавлении аудио
2023-08-19 12:38:44,188 - bot_logger - INFO - Переход в состояние добавления имени при добавлении аудио
2023-08-19 12:38:44,252 - bot_logger - INFO - Выбрано имя которое уже существует
2023-08-19 12:38:50,689 - bot_logger - INFO - Переход в состояние добавления имени при добавлении аудио
2023-08-19 12:38:50,690 - bot_logger - INFO - Выбрано имя 
2023-08-19 12:39:04,365 - bot_logger - INFO - Переход в состояние загрузки файла при добавлении аудио
2023-08-19 12:39:42,651 - bot_logger - INFO - Переход в состояние добавления первого параметра при добавлении аудио
2023-08-19 12:40:04,454 - bot_logger - INFO - Переход в состояние добавления второго параметра при добавлении аудио
2023-08-19 12:40:04,454 - bot_logger - INFO - Нажатие на кнопку 'Закончить' при добавлении аудио
2023-08-19 12:46:59,891 - bot_logger - INFO - Info message
2023-08-19 12:46:59,892 - bot_logger - WARNING - Warning message
2023-08-19 12:46:59,892 - bot_logger - ERROR - Error message
2023-08-19 12:46:59,892 - bot_logger - CRITICAL - Critical message
2023-08-19 12:47:48,948 - bot_logger - INFO - Нажатие кнопки 'Загрузить' при добавлении аудио
2023-08-19 12:50:26,287 - bot_logger - INFO - Info message
2023-08-19 12:50:26,287 - bot_logger - WARNING - Warning message
2023-08-19 12:50:26,288 - bot_logger - ERROR - Error message
2023-08-19 12:50:26,288 - bot_logger - CRITICAL - Critical message
2023-08-19 12:51:16,515 - bot_logger - INFO - Нажатие кнопки Загрузить при добавлении аудио
2023-08-19 13:24:15,228 - bot_logger - INFO - Info message
2023-08-19 13:24:15,228 - bot_logger - WARNING - Warning message
2023-08-19 13:24:15,228 - bot_logger - ERROR - Error message
2023-08-19 13:24:15,228 - bot_logger - CRITICAL - Critical message
2023-08-19 17:09:51,298 - bot_logger - INFO - Info message
2023-08-19 17:09:51,299 - bot_logger - WARNING - Warning message
2023-08-19 17:09:51,299 - bot_logger - ERROR - Error message
2023-08-19 17:09:51,299 - bot_logger - CRITICAL - Critical message
2023-08-19 17:10:13,108 - bot_logger - INFO - Бот запущен
2023-08-19 17:10:40,933 - bot_logger - INFO - Нажатие кнопки Загрузить при добавлении аудио
2023-08-19 17:11:02,526 - bot_logger - INFO - Переход в состояние добавления имени при добавлении аудио
2023-08-19 17:11:02,697 - bot_logger - INFO - Выбрано имя которое уже существует
2023-08-19 17:11:24,022 - bot_logger - INFO - Переход в состояние добавления имени при добавлении аудио
2023-08-19 17:11:24,173 - bot_logger - INFO - Выбрано имя 
2023-08-19 17:11:53,620 - bot_logger - INFO - Переход в состояние загрузки файла при добавлении аудио
2023-08-19 17:12:15,118 - bot_logger - INFO - Переход в состояние добавления первого параметра при добавлении аудио
2023-08-19 17:12:17,764 - bot_logger - INFO - Переход в состояние добавления второго параметра при добавлении аудио
2023-08-19 17:12:17,952 - bot_logger - INFO - Нажатие на кнопку Закончить при добавлении аудио
2023-08-19 17:34:38,297 - bot_logger - INFO - Info message
2023-08-19 17:34:38,298 - bot_logger - WARNING - Warning message
2023-08-19 17:34:38,298 - bot_logger - ERROR - Error message
2023-08-19 17:34:38,298 - bot_logger - CRITICAL - Critical message
2023-08-19 17:35:00,459 - bot_logger - INFO - Бот запущен
2023-08-19 18:07:48,402 - bot_logger - INFO - Info message
2023-08-19 18:07:48,403 - bot_logger - WARNING - Warning message
2023-08-19 18:07:48,404 - bot_logger - ERROR - Error message
2023-08-19 18:07:48,404 - bot_logger - CRITICAL - Critical message
2023-08-19 18:13:20,450 - bot_logger - INFO - Info message
2023-08-19 18:13:20,451 - bot_logger - WARNING - Warning message
2023-08-19 18:13:20,451 - bot_logger - ERROR - Error message
2023-08-19 18:13:20,451 - bot_logger - CRITICAL - Critical message
2023-08-19 18:13:20,755 - bot_logger - CRITICAL - При обновлении аудио возникла ошибка: name 'Command' is not defined
2023-08-19 18:14:46,826 - bot_logger - INFO - Info message
2023-08-19 18:14:46,827 - bot_logger - WARNING - Warning message
2023-08-19 18:14:46,827 - bot_logger - ERROR - Error message
2023-08-19 18:14:46,827 - bot_logger - CRITICAL - Critical message
2023-08-19 18:14:46,861 - bot_logger - CRITICAL - При обновлении аудио возникла ошибка: name 'Command' is not defined
2023-08-19 18:15:08,549 - bot_logger - INFO - Бот запущен
2023-08-19 18:17:11,265 - bot_logger - INFO - Info message
2023-08-19 18:17:11,266 - bot_logger - WARNING - Warning message
2023-08-19 18:17:11,266 - bot_logger - ERROR - Error message
2023-08-19 18:17:11,266 - bot_logger - CRITICAL - Critical message
2023-08-19 18:17:11,307 - bot_logger - CRITICAL - При обновлении аудио возникла ошибка: name 'Command' is not defined
2023-08-19 18:17:33,545 - bot_logger - INFO - Бот запущен
2023-08-19 18:23:59,521 - bot_logger - INFO - Info message
2023-08-19 18:23:59,521 - bot_logger - WARNING - Warning message
2023-08-19 18:23:59,521 - bot_logger - ERROR - Error message
2023-08-19 18:23:59,521 - bot_logger - CRITICAL - Critical message
2023-08-19 18:23:59,789 - bot_logger - CRITICAL - При обновлении аудио возникла ошибка: name 'Command' is not defined
2023-08-19 18:24:21,731 - bot_logger - INFO - Бот запущен
2023-08-19 18:24:25,437 - bot_logger - INFO - Нажатие кнопки /download при добавлении аудио
2023-08-19 18:24:55,392 - bot_logger - INFO - Переход в состояние добавления имени при добавлении аудио
2023-08-19 18:24:55,577 - bot_logger - INFO - Выбрано имя 
2023-08-19 18:25:17,775 - bot_logger - INFO - Info message
2023-08-19 18:25:17,779 - bot_logger - WARNING - Warning message
2023-08-19 18:25:17,779 - bot_logger - ERROR - Error message
2023-08-19 18:25:17,779 - bot_logger - CRITICAL - Critical message
2023-08-19 18:25:17,946 - bot_logger - CRITICAL - При обновлении аудио возникла ошибка: name 'Command' is not defined
2023-08-19 18:25:40,456 - bot_logger - INFO - Бот запущен
2023-08-19 18:25:40,923 - bot_logger - INFO - Нажатие кнопки Отмена при выборе аудио
2023-08-19 18:26:02,667 - bot_logger - INFO - Нажатие кнопки /download при добавлении аудио
2023-08-19 18:29:18,865 - bot_logger - INFO - Info message
2023-08-19 18:29:18,867 - bot_logger - WARNING - Warning message
2023-08-19 18:29:18,868 - bot_logger - ERROR - Error message
2023-08-19 18:29:18,868 - bot_logger - CRITICAL - Critical message
2023-08-19 18:29:18,954 - bot_logger - CRITICAL - При обновлении аудио возникла ошибка: name 'Command' is not defined
2023-08-19 18:29:41,047 - bot_logger - INFO - Бот запущен
2023-08-19 18:37:01,908 - bot_logger - INFO - Info message
2023-08-19 18:37:01,909 - bot_logger - WARNING - Warning message
2023-08-19 18:37:01,909 - bot_logger - ERROR - Error message
2023-08-19 18:37:01,909 - bot_logger - CRITICAL - Critical message
2023-08-19 18:37:23,689 - bot_logger - INFO - Бот запущен
2023-08-19 18:38:11,027 - bot_logger - INFO - Нажатие кнопки /choice_category при выборе аудио
2023-08-19 18:38:32,526 - bot_logger - INFO - Нажатие кнопки Отмена при выборе аудио
2023-08-19 18:39:02,207 - bot_logger - INFO - Нажатие кнопки /download при добавлении аудио
2023-08-19 18:39:23,702 - bot_logger - INFO - Нажатие кнопки Отмена при выборе аудио
2023-08-19 18:39:45,152 - bot_logger - INFO - Нажатие кнопки /update при выборе аудио
2023-08-19 18:40:06,679 - bot_logger - INFO - Нажатие кнопки Отмена при выборе аудио
2023-08-19 18:40:28,167 - bot_logger - INFO - Нажатие кнопки /delete при удалении аудио
2023-08-19 18:40:49,685 - bot_logger - INFO - Нажатие кнопки Отмена при выборе аудио
2023-08-19 18:43:31,291 - bot_logger - INFO - Info message
2023-08-19 18:43:31,292 - bot_logger - WARNING - Warning message
2023-08-19 18:43:31,292 - bot_logger - ERROR - Error message
2023-08-19 18:43:31,293 - bot_logger - CRITICAL - Critical message
2023-08-19 18:43:53,370 - bot_logger - INFO - Бот запущен
2023-08-19 18:44:18,328 - bot_logger - INFO - Нажатие кнопки Выбрать категорию ✅ при выборе аудио
2023-08-19 18:44:39,920 - bot_logger - INFO - Нажатие кнопки Отмена при выборе аудио
2023-08-19 18:45:01,415 - bot_logger - INFO - Нажатие кнопки Загрузить ⬇ при добавлении аудио
2023-08-19 18:45:22,917 - bot_logger - INFO - Нажатие кнопки Отмена при выборе аудио
2023-08-19 18:45:44,405 - bot_logger - INFO - Нажатие кнопки Изменить ✏ при выборе аудио
2023-08-19 18:46:05,898 - bot_logger - INFO - Нажатие кнопки Отмена при выборе аудио
2023-08-19 18:46:27,381 - bot_logger - INFO - Нажатие кнопки Удалить ❌ при удалении аудио
2023-08-19 18:46:48,872 - bot_logger - INFO - Нажатие кнопки Отмена при выборе аудио
2023-08-19 18:47:10,362 - bot_logger - INFO - Нажатие кнопки /download при добавлении аудио
2023-08-19 18:47:31,890 - bot_logger - INFO - Нажатие кнопки Отмена при выборе аудио
